<?xml version="1.0" encoding="UTF-8"?>
<!-- Generated by org.testng.reporters.JUnitReportReporter -->
<testsuite hostname="LAPTOP-EMIL4V6O" failures="0" tests="1" name="testcase.TC_001" time="9.450" errors="0" timestamp="2023-02-24T11:17:08 EST" skipped="0">
  <testcase classname="testcase.TC_001" name="testcase1" time="9.450"/>
  <system-out/>
</testsuite> <!-- testcase.TC_001 -->
